2020-07-20 02:15:55,591 - DEBUG - No global extra conf, not calling method YcmCorePreload
2020-07-20 02:15:55,666 - INFO - Received ready request
2020-07-20 02:15:55,671 - INFO - Received signature help available request
2020-07-20 02:15:55,673 - INFO - Received event notification
2020-07-20 02:15:55,673 - DEBUG - Event name: BufferVisit
2020-07-20 02:15:55,674 - ERROR - Semantic completion not available for ['nerdtree']
Traceback (most recent call last):
  File "/home/zyh/.vim/bundle/YouCompleteMe/third_party/ycmd/ycmd/server_state.py", line 106, in FiletypeCompletionAvailable
    self.GetFiletypeCompleter( filetypes )
  File "/home/zyh/.vim/bundle/YouCompleteMe/third_party/ycmd/ycmd/server_state.py", line 92, in GetFiletypeCompleter
    current_filetypes ) )
ValueError: No semantic completer exists for filetypes: ['nerdtree']
2020-07-20 02:15:55,677 - INFO - Received event notification
2020-07-20 02:15:55,678 - DEBUG - Event name: FileReadyToParse
2020-07-20 02:15:55,678 - INFO - Adding buffer identifiers for file: /home/zyh/tmpWorkZone/RTSP/myflinkRTSP/NERD_tree_1
2020-07-20 02:15:55,678 - ERROR - Semantic completion not available for ['nerdtree']
Traceback (most recent call last):
  File "/home/zyh/.vim/bundle/YouCompleteMe/third_party/ycmd/ycmd/server_state.py", line 106, in FiletypeCompletionAvailable
    self.GetFiletypeCompleter( filetypes )
  File "/home/zyh/.vim/bundle/YouCompleteMe/third_party/ycmd/ycmd/server_state.py", line 92, in GetFiletypeCompleter
    current_filetypes ) )
ValueError: No semantic completer exists for filetypes: ['nerdtree']
2020-07-20 02:15:55,780 - INFO - Received filetype completion available request
2020-07-20 02:15:55,780 - ERROR - Semantic completion not available for ['nerdtree']
Traceback (most recent call last):
  File "/home/zyh/.vim/bundle/YouCompleteMe/third_party/ycmd/ycmd/server_state.py", line 106, in FiletypeCompletionAvailable
    self.GetFiletypeCompleter( filetypes )
  File "/home/zyh/.vim/bundle/YouCompleteMe/third_party/ycmd/ycmd/server_state.py", line 92, in GetFiletypeCompleter
    current_filetypes ) )
ValueError: No semantic completer exists for filetypes: ['nerdtree']
2020-07-20 02:15:56,320 - INFO - Received event notification
2020-07-20 02:15:56,320 - DEBUG - Event name: FileReadyToParse
2020-07-20 02:15:56,320 - INFO - Adding buffer identifiers for file: /home/zyh/tmpWorkZone/RTSP/myflinkRTSP/NERD_tree_1
2020-07-20 02:15:56,320 - ERROR - Semantic completion not available for ['nerdtree']
Traceback (most recent call last):
  File "/home/zyh/.vim/bundle/YouCompleteMe/third_party/ycmd/ycmd/server_state.py", line 106, in FiletypeCompletionAvailable
    self.GetFiletypeCompleter( filetypes )
  File "/home/zyh/.vim/bundle/YouCompleteMe/third_party/ycmd/ycmd/server_state.py", line 92, in GetFiletypeCompleter
    current_filetypes ) )
ValueError: No semantic completer exists for filetypes: ['nerdtree']
2020-07-20 02:15:56,978 - INFO - Received event notification
2020-07-20 02:15:56,978 - DEBUG - Event name: FileReadyToParse
2020-07-20 02:15:56,979 - INFO - Adding buffer identifiers for file: /home/zyh/tmpWorkZone/RTSP/myflinkRTSP/NERD_tree_1
2020-07-20 02:15:56,979 - ERROR - Semantic completion not available for ['nerdtree']
Traceback (most recent call last):
  File "/home/zyh/.vim/bundle/YouCompleteMe/third_party/ycmd/ycmd/server_state.py", line 106, in FiletypeCompletionAvailable
    self.GetFiletypeCompleter( filetypes )
  File "/home/zyh/.vim/bundle/YouCompleteMe/third_party/ycmd/ycmd/server_state.py", line 92, in GetFiletypeCompleter
    current_filetypes ) )
ValueError: No semantic completer exists for filetypes: ['nerdtree']
2020-07-20 02:15:58,269 - INFO - Received signature help available request
2020-07-20 02:15:58,271 - INFO - Looking for jdt.ls
2020-07-20 02:15:58,271 - DEBUG - Found launchers: ['/home/zyh/.vim/bundle/YouCompleteMe/third_party/ycmd/third_party/eclipse.jdt.ls/target/repository/plugins/org.eclipse.equinox.launcher_1.5.700.v20200207-2156.jar']
2020-07-20 02:15:58,272 - DEBUG - Found launchers: ['/home/zyh/.vim/bundle/YouCompleteMe/third_party/ycmd/third_party/eclipse.jdt.ls/target/repository/plugins/org.eclipse.equinox.launcher_1.5.700.v20200207-2156.jar']
2020-07-20 02:15:58,272 - INFO - extension directory does not exist: /home/zyh/.vim/bundle/YouCompleteMe/third_party/ycmd/third_party/eclipse.jdt.ls/extensions
2020-07-20 02:15:58,272 - DEBUG - Found launchers: ['/home/zyh/.vim/bundle/YouCompleteMe/third_party/ycmd/third_party/eclipse.jdt.ls/target/repository/plugins/org.eclipse.equinox.launcher_1.5.700.v20200207-2156.jar']
2020-07-20 02:15:58,276 - INFO - Received event notification
2020-07-20 02:15:58,276 - DEBUG - Event name: BufferVisit
2020-07-20 02:15:58,279 - INFO - Received event notification
2020-07-20 02:15:58,279 - DEBUG - Event name: FileReadyToParse
2020-07-20 02:15:58,279 - INFO - Adding buffer identifiers for file: /home/zyh/tmpWorkZone/RTSP/myflinkRTSP/src/main/java/myflink/StreamingJob.java
2020-07-20 02:15:58,282 - INFO - Starting jdt.ls Language Server...
2020-07-20 02:15:58,282 - DEBUG - Found .project style project in /home/zyh/tmpWorkZone/RTSP/myflinkRTSP. Searching for project root:
2020-07-20 02:15:58,282 - DEBUG -   Project root is /home/zyh/tmpWorkZone/RTSP/myflinkRTSP
2020-07-20 02:15:58,283 - INFO - Starting jdt.ls: ['/usr/bin/java', '-Dfile.encoding=UTF-8', '-Declipse.application=org.eclipse.jdt.ls.core.id1', '-Dosgi.bundles.defaultStartLevel=4', '-Declipse.product=org.eclipse.jdt.ls.core.product', '-Dlog.level=ALL', '-jar', '/home/zyh/.vim/bundle/YouCompleteMe/third_party/ycmd/third_party/eclipse.jdt.ls/target/repository/plugins/org.eclipse.equinox.launcher_1.5.700.v20200207-2156.jar', '-configuration', '/home/zyh/.vim/bundle/YouCompleteMe/third_party/ycmd/third_party/eclipse.jdt.ls/workspace/config_linux', '-data', '/home/zyh/.vim/bundle/YouCompleteMe/third_party/ycmd/third_party/eclipse.jdt.ls/workspace/temp/tmp4rxt5bxd']
2020-07-20 02:15:58,303 - INFO - jdt.ls started with PID 127797
2020-07-20 02:15:58,304 - DEBUG - TX: Sending message: b'Content-Length: 1076\r\n\r\n{"id":1,"jsonrpc":"2.0","method":"initialize","params":{"capabilities":{"textDocument":{"codeAction":{"codeActionLiteralSupport":{"codeActionKind":{"valueSet":["","quickfix","refactor","refactor.extract","refactor.inline","refactor.rewrite","source","source.organizeImports"]}}},"completion":{"completionItem":{"documentationFormat":["plaintext","markdown"]},"completionItemKind":{"valueSet":[1,2,3,4,5,6,7,8,9,10,11,12,13,14,15,16,17,18,19,20,21,22,23,24,25]}},"hover":{"contentFormat":["plaintext","markdown"]},"signatureHelp":{"signatureInformation":{"documentationFormat":["plaintext","markdown"],"parameterInformation":{"labelOffsetSupport":false}}},"synchronization":{"didSave":true}},"workspace":{"applyEdit":true,"didChangeWatchedFiles":{"dynamicRegistration":true},"documentChanges":true,"symbol":{"symbolKind":{"valueSet":[1,2,3,4,5,6,7,8,9,10,11,12,13,14,15,16,17,18,19,20,21,22,23,24,25,26]}}}},"initializationOptions":{"bundles":[]},"processId":127747,"rootPath":"/home/zyh/tmpWorkZone/RTSP/myflinkRTSP","rootUri":"file:///home/zyh/tmpWorkZone/RTSP/myflinkRTSP"}}'
2020-07-20 02:15:58,472 - INFO - Received filetype completion available request
2020-07-20 02:16:03,674 - DEBUG - RX: Received message: b'{"jsonrpc":"2.0","method":"window/logMessage","params":{"type":3,"message":"Jul 20, 2020, 2:16:03 AM Main thread is waiting"}}'
2020-07-20 02:16:03,712 - DEBUG - RX: Received message: b'{"jsonrpc":"2.0","method":"window/logMessage","params":{"type":3,"message":"Jul 20, 2020, 2:16:03 AM \\u003e\\u003e initialize"}}'
2020-07-20 02:16:03,828 - DEBUG - RX: Received message: b'{"jsonrpc":"2.0","method":"window/logMessage","params":{"type":3,"message":"Jul 20, 2020, 2:16:03 AM Initializing Java Language Server 0.57.0.202006172108"}}'
2020-07-20 02:16:03,924 - DEBUG - RX: Received message: b'{"jsonrpc":"2.0","method":"window/logMessage","params":{"type":3,"message":"Jul 20, 2020, 2:16:03 AM Static Commands: []"}}'
2020-07-20 02:16:03,925 - DEBUG - RX: Received message: b'{"jsonrpc":"2.0","method":"window/logMessage","params":{"type":3,"message":"Jul 20, 2020, 2:16:03 AM Non-Static Commands: [java.edit.organizeImports, java.project.refreshDiagnostics, java.project.import, java.project.removeFromSourcePath, java.project.listSourcePaths, java.project.provideSemanticTokens, java.project.getAll, java.project.isTestFile, java.project.getClasspaths, java.project.getSemanticTokensLegend, java.project.getSettings, java.project.updateSourceAttachment, java.project.resolveSourceAttachment, java.project.addToSourcePath]"}}'
2020-07-20 02:16:03,934 - DEBUG - RX: Received message: b'{"jsonrpc":"2.0","method":"language/status","params":{"type":"Starting","message":"Init..."}}'
2020-07-20 02:16:03,941 - DEBUG - RX: Received message: b'{"jsonrpc":"2.0","method":"language/status","params":{"type":"Starting","message":"0% Starting Java Language Server"}}'
2020-07-20 02:16:03,960 - DEBUG - RX: Received message: b'{"jsonrpc":"2.0","method":"window/logMessage","params":{"type":3,"message":"Jul 20, 2020, 2:16:03 AM Creating the Java project jdt.ls-java-project"}}'
2020-07-20 02:16:03,964 - DEBUG - RX: Received message: b'{"jsonrpc":"2.0","id":1,"result":{"capabilities":{"textDocumentSync":{"openClose":true,"change":2,"save":{"includeText":true}},"hoverProvider":true,"completionProvider":{"resolveProvider":true,"triggerCharacters":[".","@","#","*"]},"signatureHelpProvider":{"triggerCharacters":["("]},"definitionProvider":true,"typeDefinitionProvider":true,"implementationProvider":true,"referencesProvider":true,"documentHighlightProvider":true,"documentSymbolProvider":true,"workspaceSymbolProvider":true,"codeActionProvider":true,"codeLensProvider":{"resolveProvider":true},"documentFormattingProvider":true,"documentRangeFormattingProvider":true,"documentOnTypeFormattingProvider":{"firstTriggerCharacter":";","moreTriggerCharacter":["\\n","}"]},"renameProvider":{"prepareProvider":true},"foldingRangeProvider":true,"executeCommandProvider":{"commands":["java.edit.organizeImports","java.project.refreshDiagnostics","java.project.import","java.project.removeFromSourcePath","java.project.listSourcePaths","java.project.provideSemanticTokens","java.project.getAll","java.project.isTestFile","java.project.getClasspaths","java.project.getSemanticTokensLegend","java.project.getSettings","java.project.updateSourceAttachment","java.project.resolveSourceAttachment","java.project.addToSourcePath"]},"workspace":{"workspaceFolders":{"supported":true,"changeNotifications":true}},"callHierarchyProvider":true,"selectionRangeProvider":true}}}'
2020-07-20 02:16:03,964 - INFO - Language server requires sync type of Incremental
2020-07-20 02:16:03,964 - DEBUG - java: Server declares trigger characters: ['.', '@', '#', '*']
2020-07-20 02:16:03,964 - INFO - java: Using trigger characters for semantic triggers: .,@,#,*
2020-07-20 02:16:03,965 - DEBUG - java: Server declares signature trigger characters: ['(']
2020-07-20 02:16:03,965 - INFO - java: Using characters for signature triggers: (,,
2020-07-20 02:16:03,965 - DEBUG - TX: Sending notification: b'Content-Length: 52\r\n\r\n{"jsonrpc":"2.0","method":"initialized","params":{}}'
2020-07-20 02:16:03,965 - DEBUG - TX: Sending notification: b'Content-Length: 98\r\n\r\n{"jsonrpc":"2.0","method":"workspace/didChangeConfiguration","params":{"settings":{"bundles":[]}}}'
2020-07-20 02:16:03,967 - DEBUG - Refreshing file /home/zyh/tmpWorkZone/RTSP/myflinkRTSP/src/main/java/myflink/StreamingJob.java: State is Open/action Open
2020-07-20 02:16:03,967 - DEBUG - TX: Sending notification: b'Content-Length: 9202\r\n\r\n{"jsonrpc":"2.0","method":"textDocument/didOpen","params":{"textDocument":{"languageId":"java","text":"package myflink;\\n\\nimport java.io.ByteArrayInputStream;\\nimport java.io.File;\\nimport java.util.*;\\nimport java.net.URI;\\nimport java.nio.ByteBuffer;\\nimport java.awt.image.BufferedImage;\\nimport javax.imageio.ImageIO;\\nimport org.apache.flink.api.java.utils.ParameterTool;\\nimport org.apache.flink.streaming.api.datastream.DataStream;\\nimport org.apache.flink.streaming.api.environment.StreamExecutionEnvironment;\\nimport org.apache.flink.api.common.functions.MapFunction;\\nimport io.pravega.connectors.flink.FlinkPravegaReader;\\nimport io.pravega.connectors.flink.PravegaConfig;\\nimport io.pravega.client.stream.Stream;\\nimport io.pravega.client.stream.ScalingPolicy;\\nimport io.pravega.client.stream.StreamConfiguration;\\nimport io.pravega.client.stream.impl.JavaSerializer;\\nimport io.pravega.connectors.flink.serialization.PravegaDeserializationSchema;\\nimport io.pravega.connectors.flink.serialization.PravegaSerialization;\\nimport io.pravega.connectors.flink.PravegaEventRouter;\\nimport io.pravega.connectors.flink.FlinkPravegaWriter;\\n\\nimport org.slf4j.Logger;\\nimport org.slf4j.LoggerFactory;\\n\\n\\npublic class StreamingJob {\\n    private static int flag = 0;\\n    private static final int max_value = 9999999;\\n    private static final int lenTimeStamp = Long.BYTES;\\n    private static final int lenFrameID = Integer.BYTES;\\n\\n    // Logger initialization\\n    private static final Logger LOG = LoggerFactory.getLogger(StreamingJob.class);\\n\\n    public static void main(String[] args) throws Exception {\\n        LOG.info(\\"Starting StreamingJob...\\");\\n        ParameterTool params = ParameterTool.fromArgs(args);\\n\\n        String scopeDataSource = params.get(\\"scopeDataSource\\", \\"examples\\");\\n        LOG.info(\\"-------- scopeDataSource ---------\\");\\n        LOG.info(scopeDataSource);\\n        String streamNameDataSource = params.get(\\"streamNameDataSource\\", \\"helloStream\\");\\n        LOG.info(\\"-------- streamNameDataSource ---------\\");\\n        LOG.info(streamNameDataSource);\\n        String ipDataSource = params.get(\\"ipDataSource\\", \\"51.4.77.100\\");\\n        LOG.info(\\"-------- ipDataSource ---------\\");\\n        LOG.info(ipDataSource);\\n        String portDataSource = params.get(\\"portDataSource\\", \\"9090\\");\\n        LOG.info(\\"-------- portDataSource ---------\\");\\n        LOG.info(portDataSource);\\n\\n        String scopeOutput = params.get(\\"scopeOutput\\", \\"examples\\");\\n        LOG.info(\\"-------- sco#peOutput ---------\\");\\n        LOG.info(scopeOutput);\\n        String streamNameOutput = params.get(\\"streamNameOutput\\", \\"ResultOfAI\\");\\n        LOG.info(\\"-------- streamNameOutput ---------\\");\\n        LOG.info(streamNameOutput);\\n        String ipOutput = params.get(\\"ipOutput\\", \\"51.4.77.100\\");\\n        LOG.info(\\"-------- ipOutput ---------\\");\\n        LOG.info(ipOutput);\\n        String portOutput = params.get(\\"portOutput\\", \\"9090\\");\\n        LOG.info(\\"-------- portOutput ---------\\");\\n        LOG.info(portOutput);\\n        String imgPath = params.get(\\"imgPath\\", \\"/home/edge/imgs\\");\\n        LOG.info(\\"-------- imgPath ---------\\");\\n        LOG.info(imgPath);\\n        String uriAI = params.get(\\"uriAI\\", \\"http://51.4.77.84:8864/api/v1/obj_detection/image\\");\\n        LOG.info(\\"-------- uriAI ---------\\");\\n        LOG.info(uriAI);\\n        boolean needBackup = Boolean.parseBoolean(params.get(\\"backup\\", \\"false\\"));\\n        LOG.info(\\"-------- backup ---------\\");\\n        LOG.info(String.valueOf(needBackup));\\n        // initialize the parameter utility tool in order to retrieve input parameters\\n        LOG.info(\\"Init Pravega connector: Data Source...\\");\\n        PravegaConfig pravegaConfigDataSource = PravegaConfig\\n                .fromParams(params)\\n                .withControllerURI(URI.create(\\"tcp://\\" + ipDataSource + \\":\\" + portDataSource))\\n                .withDefaultScope(scopeDataSource)\\n                //.withCredentials(credentials)\\n                .withHostnameValidation(false);\\n\\n        StreamConfiguration streamConfiguration = StreamConfiguration.builder()\\n            .scalingPolicy(ScalingPolicy.fixed(1))\\n            .build();\\n\\n        // create the Pravega input stream (if necessary)\\n        Stream streamDataSource = Utils.createStream(\\n                pravegaConfigDataSource,\\n                streamNameDataSource,\\n                //params.get(Constants.STREAM_PARAM, Constants.DEFAULT_STREAM),\\n                streamConfiguration); // \\"stream\\" \\"helloStream\\"\\n\\n        // create the Pravega source to read a stream of text\\n        PravegaDeserializationSchema<byte[]> adapter = new PravegaDeserializationSchema<>(byte[].class, new JavaSerializer());\\n        FlinkPravegaReader<byte[]> source = FlinkPravegaReader.<byte[]>builder()\\n                .withPravegaConfig(pravegaConfigDataSource)\\n                .forStream(streamDataSource)\\n                //.withDeserializationSchema(PravegaSerialization.deserializationFor(ByteBuffer.class))\\n                //.withDeserializationSchema(new ByteBufferSerializer())\\n                .withDeserializationSchema(adapter)\\n                .build();\\n        LOG.info(\\"Done\\");\\n\\n        // initialize the Flink execution environment\\n        final StreamExecutionEnvironment env = StreamExecutionEnvironment.getExecutionEnvironment();\\n        LOG.info(\\"Getting bytes from Pravega...\\");\\n        DataStream<String> resAIStream = env.addSource(source).name(\\"Pravega Stream\\")\\n            .map(new MapFunction<byte[], String>() {\\n                @Override\\n                public String map(byte[] bytes) throws Exception {\\n                    int lenImage = bytes.length - lenTimeStamp - lenFrameID;\\n                    ByteArrayInputStream bis = new ByteArrayInputStream(Arrays.copyOfRange(bytes, 0, lenImage));\\n                    BufferedImage bImage = ImageIO.read(bis);\\n                    byte[] timeStampByte = Arrays.copyOfRange(bytes, lenImage, lenImage + lenTimeStamp);\\n                    ByteBuffer bufferTimeStamp = ByteBuffer.allocate(lenTimeStamp);\\n                    bufferTimeStamp.put(timeStampByte);\\n                    bufferTimeStamp.flip();\\n                    String timeStamp = String.valueOf(bufferTimeStamp.getLong());\\n                    byte[] frameIDByte = Arrays.copyOfRange(bytes, lenImage + lenTimeStamp, lenImage + lenTimeStamp + lenFrameID);\\n                    ByteBuffer bufferFrameID = ByteBuffer.allocate(lenFrameID);\\n                    bufferFrameID.put(frameIDByte);\\n                    bufferFrameID.flip();\\n                    String frameID = String.valueOf(bufferFrameID.getInt());\\n                    String fileName = imgPath + \\"/output_\\" + String.valueOf(flag) + \\".jpg\\";\\n                    flag++;\\n                    if (flag == max_value) {\\n                        flag = 0;\\n                    }\\n                    File imgFile = new File(fileName);\\n                    ImageIO.write(bImage, \\"jpg\\", imgFile);\\n                    Map<String, String> metadata = new HashMap<>(2);\\n                    metadata.put(\\"frame_id\\", frameID);\\n                    metadata.put(\\"frame_timestamp\\", timeStamp);\\n                    String resOfAI = ClientOfHTTP.multipartRequest(uriAI, metadata, fileName, \\"image\\", \\"image/jpeg\\");\\n                    if (!needBackup) {\\n                        imgFile.delete();\\n                    }\\n                    return resOfAI;\\n                }\\n            });\\n\\n        // create the Pravega sink to write a stream of resOfAI\\n        PravegaConfig pravegaConfigWriter = PravegaConfig.fromDefaults()\\n            .withControllerURI(URI.create(\\"tcp://\\" + ipOutput + \\":\\" + portOutput))\\n            .withDefaultScope(scopeOutput)\\n            //.withCredentials(credentials)\\n            .withHostnameValidation(false);\\n\\n        Stream streamWriter = Utils.createStream(\\n                pravegaConfigWriter,\\n                streamNameOutput,\\n                streamConfiguration);\\n\\n        FlinkPravegaWriter<String> writer = FlinkPravegaWriter.<String>builder()\\n                .withPravegaConfig(pravegaConfigWriter)\\n                .forStream(streamWriter)\\n                .withEventRouter(new EventRouter())\\n                .withSerializationSchema(PravegaSerialization.serializationFor(String.class))\\n                .build();\\n        resAIStream.addSink(writer).name(\\"Pravega Stream\\");\\n\\n        if (needBackup) {\\n            resAIStream.print();\\n        }\\n\\n        // execute within the Flink environment\\n        env.execute(\\"StreamingJob\\");\\n        LOG.info(\\"Ending StreamingJob...\\");\\n    }\\n\\n    public static class EventRouter implements PravegaEventRouter<String> {\\n        // Ordering - events with the same routing key will always be\\n        // read in the order they were written\\n        @Override\\n        public String getRoutingKey(String event) {\\n            return \\"resultOfAI\\";\\n        }\\n    }\\n}\\n\\n","uri":"file:///home/zyh/tmpWorkZone/RTSP/myflinkRTSP/src/main/java/myflink/StreamingJob.java","version":1}}}'
2020-07-20 02:16:03,975 - DEBUG - RX: Received message: b'{"jsonrpc":"2.0","method":"window/logMessage","params":{"type":3,"message":"Jul 20, 2020, 2:16:03 AM \\u003e\\u003e initialized"}}'
2020-07-20 02:16:04,062 - INFO - Server reported: Jul 20, 2020, 2:16:03 AM Main thread is waiting
2020-07-20 02:16:04,062 - INFO - Server reported: Jul 20, 2020, 2:16:03 AM >> initialize
2020-07-20 02:16:04,062 - INFO - Server reported: Jul 20, 2020, 2:16:03 AM Initializing Java Language Server 0.57.0.202006172108
2020-07-20 02:16:04,063 - INFO - Server reported: Jul 20, 2020, 2:16:03 AM Static Commands: []
2020-07-20 02:16:04,063 - INFO - Server reported: Jul 20, 2020, 2:16:03 AM Non-Static Commands: [java.edit.organizeImports, java.project.refreshDiagnostics, java.project.import, java.project.removeFromSourcePath, java.project.listSourcePaths, java.project.provideSemanticTokens, java.project.getAll, java.project.isTestFile, java.project.getClasspaths, java.project.getSemanticTokensLegend, java.project.getSettings, java.project.updateSourceAttachment, java.project.resolveSourceAttachment, java.project.addToSourcePath]
2020-07-20 02:16:04,063 - INFO - Server reported: Jul 20, 2020, 2:16:03 AM Creating the Java project jdt.ls-java-project
2020-07-20 02:16:04,063 - INFO - Server reported: Jul 20, 2020, 2:16:03 AM >> initialized
2020-07-20 02:16:04,307 - DEBUG - RX: Received message: b'{"jsonrpc":"2.0","method":"window/logMessage","params":{"type":2,"message":"Jul 20, 2020, 2:16:04 AM Could not load Gradle version information\\nCannot download published Gradle versions.\\norg.gradle.api.UncheckedIOException: Cannot download published Gradle versions.\\n\\tat org.eclipse.buildship.core.internal.util.gradle.PublishedGradleVersions.downloadVersionInformation(PublishedGradleVersions.java:165)\\n\\tat org.eclipse.buildship.core.internal.util.gradle.PublishedGradleVersions.tryToDownloadAndCacheVersions(PublishedGradleVersions.java:149)\\n\\tat org.eclipse.buildship.core.internal.util.gradle.PublishedGradleVersions.create(PublishedGradleVersions.java:109)\\n\\tat org.eclipse.buildship.core.internal.util.gradle.PublishedGradleVersionsWrapper$LoadVersionsJob.run(PublishedGradleVersionsWrapper.java:60)\\n\\tat org.eclipse.core.internal.jobs.Worker.run(Worker.java:63)\\nCaused by: java.io.IOException: Unable to tunnel through proxy. Proxy returns \\"HTTP/1.1 407 authenticationrequired\\"\\n\\tat java.base/sun.net.www.protocol.http.HttpURLConnection.doTunneling(HttpURLConnection.java:2172)\\n\\tat java.base/sun.net.www.protocol.https.AbstractDelegateHttpsURLConnection.connect(AbstractDelegateHttpsURLConnection.java:183)\\n\\tat java.base/sun.net.www.protocol.http.HttpURLConnection.getInputStream0(HttpURLConnection.java:1587)\\n\\tat java.base/sun.net.www.protocol.http.HttpURLConnection.getInputStream(HttpURLConnection.java:1515)\\n\\tat java.base/sun.net.www.protocol.https.HttpsURLConnectionImpl.getInputStream(HttpsURLConnectionImpl.java:250)\\n\\tat org.eclipse.buildship.core.internal.util.gradle.PublishedGradleVersions.downloadVersionInformation(PublishedGradleVersions.java:162)\\n\\t... 4 more\\n"}}'
2020-07-20 02:16:04,307 - WARNING - Server reported: Jul 20, 2020, 2:16:04 AM Could not load Gradle version information
Cannot download published Gradle versions.
org.gradle.api.UncheckedIOException: Cannot download published Gradle versions.
	at org.eclipse.buildship.core.internal.util.gradle.PublishedGradleVersions.downloadVersionInformation(PublishedGradleVersions.java:165)
	at org.eclipse.buildship.core.internal.util.gradle.PublishedGradleVersions.tryToDownloadAndCacheVersions(PublishedGradleVersions.java:149)
	at org.eclipse.buildship.core.internal.util.gradle.PublishedGradleVersions.create(PublishedGradleVersions.java:109)
	at org.eclipse.buildship.core.internal.util.gradle.PublishedGradleVersionsWrapper$LoadVersionsJob.run(PublishedGradleVersionsWrapper.java:60)
	at org.eclipse.core.internal.jobs.Worker.run(Worker.java:63)
Caused by: java.io.IOException: Unable to tunnel through proxy. Proxy returns "HTTP/1.1 407 authenticationrequired"
	at java.base/sun.net.www.protocol.http.HttpURLConnection.doTunneling(HttpURLConnection.java:2172)
	at java.base/sun.net.www.protocol.https.AbstractDelegateHttpsURLConnection.connect(AbstractDelegateHttpsURLConnection.java:183)
	at java.base/sun.net.www.protocol.http.HttpURLConnection.getInputStream0(HttpURLConnection.java:1587)
	at java.base/sun.net.www.protocol.http.HttpURLConnection.getInputStream(HttpURLConnection.java:1515)
	at java.base/sun.net.www.protocol.https.HttpsURLConnectionImpl.getInputStream(HttpsURLConnectionImpl.java:250)
	at org.eclipse.buildship.core.internal.util.gradle.PublishedGradleVersions.downloadVersionInformation(PublishedGradleVersions.java:162)
	... 4 more

2020-07-20 02:16:04,342 - DEBUG - RX: Received message: b'{"jsonrpc":"2.0","method":"window/logMessage","params":{"type":3,"message":"Jul 20, 2020, 2:16:04 AM Finished creating the Java project jdt.ls-java-project"}}'
2020-07-20 02:16:04,342 - INFO - Server reported: Jul 20, 2020, 2:16:04 AM Finished creating the Java project jdt.ls-java-project
2020-07-20 02:16:06,060 - DEBUG - RX: Received message: b'{"jsonrpc":"2.0","method":"language/status","params":{"type":"Starting","message":"35% Starting Java Language Server - Refreshing \\u0027/jdt.ls-java-project\\u0027."}}'
2020-07-20 02:16:06,079 - DEBUG - RX: Received message: b'{"jsonrpc":"2.0","method":"window/logMessage","params":{"type":3,"message":"Jul 20, 2020, 2:16:06 AM Importing Maven project(s)"}}'
2020-07-20 02:16:06,166 - INFO - Server reported: Jul 20, 2020, 2:16:06 AM Importing Maven project(s)
2020-07-20 02:16:09,023 - DEBUG - RX: Received message: b'{"jsonrpc":"2.0","method":"language/status","params":{"type":"Starting","message":"79% Starting Java Language Server - project myflink"}}'
2020-07-20 02:16:09,227 - DEBUG - RX: Received message: b'{"jsonrpc":"2.0","method":"language/status","params":{"type":"Starting","message":"80% Starting Java Language Server - project myflink"}}'
2020-07-20 02:16:09,376 - DEBUG - RX: Received message: b'{"jsonrpc":"2.0","method":"language/status","params":{"type":"Starting","message":"100% Starting Java Language Server - Updating configuration for myflink"}}'
2020-07-20 02:16:09,383 - DEBUG - RX: Received message: b'{"jsonrpc":"2.0","method":"window/logMessage","params":{"type":3,"message":"Jul 20, 2020, 2:16:09 AM Workspace initialized in 5450ms"}}'
2020-07-20 02:16:09,383 - DEBUG - RX: Received message: b'{"jsonrpc":"2.0","method":"language/status","params":{"type":"Started","message":"Ready"}}'
2020-07-20 02:16:09,384 - INFO - jdt.ls initialized successfully
2020-07-20 02:16:09,399 - DEBUG - RX: Received message: b'{"jsonrpc":"2.0","method":"language/status","params":{"type":"Starting","message":"100% Starting Java Language Server - Updating configuration for myflink"}}'
2020-07-20 02:16:09,471 - INFO - Server reported: Jul 20, 2020, 2:16:09 AM Workspace initialized in 5450ms
2020-07-20 02:16:09,491 - DEBUG - RX: Received message: b'{"jsonrpc":"2.0","method":"window/logMessage","params":{"type":3,"message":"Jul 20, 2020, 2:16:09 AM \\u003e\\u003e initialization job finished"}}'
2020-07-20 02:16:09,491 - DEBUG - RX: Received message: b'{"jsonrpc":"2.0","method":"window/logMessage","params":{"type":3,"message":"Jul 20, 2020, 2:16:09 AM \\u003e\\u003e workspace/didChangeConfiguration"}}'
2020-07-20 02:16:09,561 - DEBUG - RX: Received message: b'{"jsonrpc":"2.0","method":"window/logMessage","params":{"type":3,"message":"Jul 20, 2020, 2:16:09 AM \\u003e\\u003e New configuration: {bundles\\u003d[]}"}}'
2020-07-20 02:16:09,574 - INFO - Server reported: Jul 20, 2020, 2:16:09 AM >> initialization job finished
2020-07-20 02:16:09,574 - INFO - Server reported: Jul 20, 2020, 2:16:09 AM >> workspace/didChangeConfiguration
2020-07-20 02:16:09,574 - INFO - Server reported: Jul 20, 2020, 2:16:09 AM >> New configuration: {bundles=[]}
2020-07-20 02:16:09,575 - DEBUG - RX: Received message: b'{"jsonrpc":"2.0","method":"window/logMessage","params":{"type":3,"message":"Jul 20, 2020, 2:16:09 AM \\u003e\\u003e document/didOpen"}}'
2020-07-20 02:16:09,575 - INFO - Server reported: Jul 20, 2020, 2:16:09 AM >> document/didOpen
2020-07-20 02:16:11,771 - DEBUG - RX: Received message: b'{"jsonrpc":"2.0","method":"window/logMessage","params":{"type":3,"message":"Jul 20, 2020, 2:16:11 AM \\u003e\\u003e build jobs finished"}}'
2020-07-20 02:16:11,771 - DEBUG - RX: Received message: b'{"jsonrpc":"2.0","method":"language/status","params":{"type":"ServiceReady","message":"ServiceReady"}}'
2020-07-20 02:16:11,772 - INFO - Server reported: Jul 20, 2020, 2:16:11 AM >> build jobs finished
2020-07-20 02:16:11,783 - DEBUG - RX: Received message: b'{"jsonrpc":"2.0","method":"window/logMessage","params":{"type":3,"message":"Jul 20, 2020, 2:16:11 AM \\u003e\\u003e registerFeature \\u0027workspace/didChangeWatchedFiles\\u0027"}}'
2020-07-20 02:16:11,783 - INFO - Server reported: Jul 20, 2020, 2:16:11 AM >> registerFeature 'workspace/didChangeWatchedFiles'
2020-07-20 02:16:11,789 - DEBUG - RX: Received message: b'{"jsonrpc":"2.0","method":"window/logMessage","params":{"type":3,"message":"Jul 20, 2020, 2:16:11 AM \\u003e\\u003e registerFeature \\u0027workspace/didChangeWatchedFiles\\u0027"}}'
2020-07-20 02:16:11,789 - INFO - Server reported: Jul 20, 2020, 2:16:11 AM >> registerFeature 'workspace/didChangeWatchedFiles'
2020-07-20 02:16:11,798 - DEBUG - RX: Received message: b'{"jsonrpc":"2.0","id":"1","method":"client/registerCapability","params":{"registrations":[{"id":"68921e89-d028-4787-9f5e-4c3856cf5ef4","method":"workspace/didChangeWatchedFiles","registerOptions":{"watchers":[{"globPattern":"**/*.java"},{"globPattern":"**/.project"},{"globPattern":"**/.classpath"},{"globPattern":"**/.settings/*.prefs"},{"globPattern":"**/src/**"},{"globPattern":"**/*.gradle"},{"globPattern":"**/gradle.properties"},{"globPattern":"**/pom.xml"},{"globPattern":"/home/zyh/tmpWorkZone/RTSP/myflinkRTSP","kind":4}]}}]}}'
2020-07-20 02:16:11,807 - DEBUG - TX: Sending response: b'Content-Length: 40\r\n\r\n{"id":"1","jsonrpc":"2.0","result":null}'
2020-07-20 02:16:11,807 - DEBUG - RX: Received message: b'{"jsonrpc":"2.0","method":"window/logMessage","params":{"type":3,"message":"Jul 20, 2020, 2:16:11 AM \\u003e\\u003e watchers registered"}}'
2020-07-20 02:16:11,808 - INFO - Server reported: Jul 20, 2020, 2:16:11 AM >> watchers registered
2020-07-20 02:16:14,601 - DEBUG - in-event <InotifyEvent: src_path=b'/home/zyh/tmpWorkZone/RTSP/myflinkRTSP/src/main/java/myflink/.StreamingJob.java.swp', wd=8, mask=IN_DELETE, cookie=0, name=.StreamingJob.java.swp>
2020-07-20 02:16:14,608 - DEBUG - TX: Sending notification: b'Content-Length: 193\r\n\r\n{"jsonrpc":"2.0","method":"workspace/didChangeWatchedFiles","params":{"changes":[{"type":3,"uri":"file:///home/zyh/tmpWorkZone/RTSP/myflinkRTSP/src/main/java/myflink/.StreamingJob.java.swp"}]}}'
2020-07-20 02:16:14,601 - INFO - Received event notification
2020-07-20 02:16:14,609 - DEBUG - Event name: BufferUnload
2020-07-20 02:16:14,609 - DEBUG - TX: Sending notification: b'Content-Length: 184\r\n\r\n{"jsonrpc":"2.0","method":"textDocument/didClose","params":{"textDocument":{"uri":"file:///home/zyh/tmpWorkZone/RTSP/myflinkRTSP/src/main/java/myflink/StreamingJob.java","version":1}}}'
2020-07-20 02:16:14,609 - DEBUG - TX: Sending notification: b'Content-Length: 170\r\n\r\n{"jsonrpc":"2.0","method":"workspace/didChangeWatchedFiles","params":{"changes":[{"type":2,"uri":"file:///home/zyh/tmpWorkZone/RTSP/myflinkRTSP/src/main/java/myflink"}]}}'
2020-07-20 02:16:14,619 - INFO - Received event notification
2020-07-20 02:16:14,620 - DEBUG - Event name: BufferVisit
2020-07-20 02:16:14,620 - ERROR - Semantic completion not available for ['nerdtree']
Traceback (most recent call last):
  File "/home/zyh/.vim/bundle/YouCompleteMe/third_party/ycmd/ycmd/server_state.py", line 106, in FiletypeCompletionAvailable
    self.GetFiletypeCompleter( filetypes )
  File "/home/zyh/.vim/bundle/YouCompleteMe/third_party/ycmd/ycmd/server_state.py", line 92, in GetFiletypeCompleter
    current_filetypes ) )
ValueError: No semantic completer exists for filetypes: ['nerdtree']
2020-07-20 02:16:14,620 - INFO - Received event notification
2020-07-20 02:16:14,620 - DEBUG - Event name: FileReadyToParse
2020-07-20 02:16:14,620 - INFO - Adding buffer identifiers for file: /home/zyh/tmpWorkZone/RTSP/myflinkRTSP/NERD_tree_1
2020-07-20 02:16:14,621 - ERROR - Semantic completion not available for ['nerdtree']
Traceback (most recent call last):
  File "/home/zyh/.vim/bundle/YouCompleteMe/third_party/ycmd/ycmd/server_state.py", line 106, in FiletypeCompletionAvailable
    self.GetFiletypeCompleter( filetypes )
  File "/home/zyh/.vim/bundle/YouCompleteMe/third_party/ycmd/ycmd/server_state.py", line 92, in GetFiletypeCompleter
    current_filetypes ) )
ValueError: No semantic completer exists for filetypes: ['nerdtree']
2020-07-20 02:16:14,687 - DEBUG - RX: Received message: b'{"jsonrpc":"2.0","method":"window/logMessage","params":{"type":3,"message":"Jul 20, 2020, 2:16:14 AM \\u003e\\u003e workspace/didChangeWatchedFiles "}}'
2020-07-20 02:16:14,687 - INFO - Server reported: Jul 20, 2020, 2:16:14 AM >> workspace/didChangeWatchedFiles 
2020-07-20 02:16:14,702 - DEBUG - RX: Received message: b'{"jsonrpc":"2.0","method":"textDocument/publishDiagnostics","params":{"uri":"file:///home/zyh/tmpWorkZone/RTSP/myflinkRTSP/src/main/java/myflink/.StreamingJob.java.swp","diagnostics":[]}}'
2020-07-20 02:16:14,702 - ERROR - Error reading file /home/zyh/tmpWorkZone/RTSP/myflinkRTSP/src/main/java/myflink/.StreamingJob.java.swp
Traceback (most recent call last):
  File "/home/zyh/.vim/bundle/YouCompleteMe/third_party/ycmd/ycmd/completers/completer_utils.py", line 234, in GetFileContents
    return ToUnicode( ReadFile( filename ) )
  File "/home/zyh/.vim/bundle/YouCompleteMe/third_party/ycmd/ycmd/utils.py", line 85, in ReadFile
    with open( filepath, encoding = 'utf8' ) as f:
FileNotFoundError: [Errno 2] No such file or directory: '/home/zyh/tmpWorkZone/RTSP/myflinkRTSP/src/main/java/myflink/.StreamingJob.java.swp'
2020-07-20 02:16:14,729 - DEBUG - RX: Received message: b'{"jsonrpc":"2.0","method":"textDocument/publishDiagnostics","params":{"uri":"file:///home/zyh/tmpWorkZone/RTSP/myflinkRTSP","diagnostics":[]}}'
2020-07-20 02:16:14,857 - DEBUG - RX: Received message: b'{"jsonrpc":"2.0","method":"textDocument/publishDiagnostics","params":{"uri":"file:///home/zyh/tmpWorkZone/RTSP/myflinkRTSP/pom.xml","diagnostics":[]}}'
2020-07-20 02:16:14,871 - DEBUG - RX: Received message: b'{"jsonrpc":"2.0","method":"window/logMessage","params":{"type":3,"message":"Jul 20, 2020, 2:16:14 AM \\u003e\\u003e workspace/didChangeWatchedFiles "}}'
2020-07-20 02:16:14,887 - DEBUG - RX: Received message: b'{"jsonrpc":"2.0","method":"window/logMessage","params":{"type":3,"message":"Jul 20, 2020, 2:16:14 AM \\u003e\\u003e document/didClose"}}'
2020-07-20 02:16:16,167 - DEBUG - in-event <InotifyEvent: src_path=b'/home/zyh/tmpWorkZone/RTSP/myflinkRTSP/src/main/java/myflink/.PravegaWriter.java.swp', wd=8, mask=IN_CREATE, cookie=0, name=.PravegaWriter.java.swp>
2020-07-20 02:16:16,168 - DEBUG - TX: Sending notification: b'Content-Length: 194\r\n\r\n{"jsonrpc":"2.0","method":"workspace/didChangeWatchedFiles","params":{"changes":[{"type":1,"uri":"file:///home/zyh/tmpWorkZone/RTSP/myflinkRTSP/src/main/java/myflink/.PravegaWriter.java.swp"}]}}'
2020-07-20 02:16:16,168 - DEBUG - TX: Sending notification: b'Content-Length: 170\r\n\r\n{"jsonrpc":"2.0","method":"workspace/didChangeWatchedFiles","params":{"changes":[{"type":2,"uri":"file:///home/zyh/tmpWorkZone/RTSP/myflinkRTSP/src/main/java/myflink"}]}}'
2020-07-20 02:16:16,174 - DEBUG - RX: Received message: b'{"jsonrpc":"2.0","method":"window/logMessage","params":{"type":3,"message":"Jul 20, 2020, 2:16:16 AM \\u003e\\u003e workspace/didChangeWatchedFiles "}}'
2020-07-20 02:16:16,174 - DEBUG - in-event <InotifyEvent: src_path=b'/home/zyh/tmpWorkZone/RTSP/myflinkRTSP/src/main/java/myflink/.PravegaWriter.java.swx', wd=8, mask=IN_CREATE, cookie=0, name=.PravegaWriter.java.swx>
2020-07-20 02:16:16,174 - DEBUG - in-event <InotifyEvent: src_path=b'/home/zyh/tmpWorkZone/RTSP/myflinkRTSP/src/main/java/myflink/.PravegaWriter.java.swx', wd=8, mask=IN_DELETE, cookie=0, name=.PravegaWriter.java.swx>
2020-07-20 02:16:16,174 - DEBUG - in-event <InotifyEvent: src_path=b'/home/zyh/tmpWorkZone/RTSP/myflinkRTSP/src/main/java/myflink/.PravegaWriter.java.swp', wd=8, mask=IN_DELETE, cookie=0, name=.PravegaWriter.java.swp>
2020-07-20 02:16:16,174 - DEBUG - in-event <InotifyEvent: src_path=b'/home/zyh/tmpWorkZone/RTSP/myflinkRTSP/src/main/java/myflink/.PravegaWriter.java.swp', wd=8, mask=IN_CREATE, cookie=0, name=.PravegaWriter.java.swp>
2020-07-20 02:16:16,174 - DEBUG - in-event <InotifyEvent: src_path=b'/home/zyh/tmpWorkZone/RTSP/myflinkRTSP/src/main/java/myflink/.PravegaWriter.java.swp', wd=8, mask=IN_MODIFY, cookie=0, name=.PravegaWriter.java.swp>
2020-07-20 02:16:16,174 - DEBUG - in-event <InotifyEvent: src_path=b'/home/zyh/tmpWorkZone/RTSP/myflinkRTSP/src/main/java/myflink/.PravegaWriter.java.swp', wd=8, mask=IN_ATTRIB, cookie=0, name=.PravegaWriter.java.swp>
2020-07-20 02:16:16,175 - DEBUG - TX: Sending notification: b'Content-Length: 194\r\n\r\n{"jsonrpc":"2.0","method":"workspace/didChangeWatchedFiles","params":{"changes":[{"type":1,"uri":"file:///home/zyh/tmpWorkZone/RTSP/myflinkRTSP/src/main/java/myflink/.PravegaWriter.java.swx"}]}}'
2020-07-20 02:16:16,175 - DEBUG - TX: Sending notification: b'Content-Length: 170\r\n\r\n{"jsonrpc":"2.0","method":"workspace/didChangeWatchedFiles","params":{"changes":[{"type":2,"uri":"file:///home/zyh/tmpWorkZone/RTSP/myflinkRTSP/src/main/java/myflink"}]}}'
2020-07-20 02:16:16,175 - DEBUG - TX: Sending notification: b'Content-Length: 194\r\n\r\n{"jsonrpc":"2.0","method":"workspace/didChangeWatchedFiles","params":{"changes":[{"type":3,"uri":"file:///home/zyh/tmpWorkZone/RTSP/myflinkRTSP/src/main/java/myflink/.PravegaWriter.java.swx"}]}}'
2020-07-20 02:16:16,175 - DEBUG - TX: Sending notification: b'Content-Length: 170\r\n\r\n{"jsonrpc":"2.0","method":"workspace/didChangeWatchedFiles","params":{"changes":[{"type":2,"uri":"file:///home/zyh/tmpWorkZone/RTSP/myflinkRTSP/src/main/java/myflink"}]}}'
2020-07-20 02:16:16,176 - DEBUG - TX: Sending notification: b'Content-Length: 194\r\n\r\n{"jsonrpc":"2.0","method":"workspace/didChangeWatchedFiles","params":{"changes":[{"type":3,"uri":"file:///home/zyh/tmpWorkZone/RTSP/myflinkRTSP/src/main/java/myflink/.PravegaWriter.java.swp"}]}}'
2020-07-20 02:16:16,176 - DEBUG - TX: Sending notification: b'Content-Length: 170\r\n\r\n{"jsonrpc":"2.0","method":"workspace/didChangeWatchedFiles","params":{"changes":[{"type":2,"uri":"file:///home/zyh/tmpWorkZone/RTSP/myflinkRTSP/src/main/java/myflink"}]}}'
2020-07-20 02:16:16,176 - DEBUG - TX: Sending notification: b'Content-Length: 194\r\n\r\n{"jsonrpc":"2.0","method":"workspace/didChangeWatchedFiles","params":{"changes":[{"type":1,"uri":"file:///home/zyh/tmpWorkZone/RTSP/myflinkRTSP/src/main/java/myflink/.PravegaWriter.java.swp"}]}}'
2020-07-20 02:16:16,176 - DEBUG - TX: Sending notification: b'Content-Length: 170\r\n\r\n{"jsonrpc":"2.0","method":"workspace/didChangeWatchedFiles","params":{"changes":[{"type":2,"uri":"file:///home/zyh/tmpWorkZone/RTSP/myflinkRTSP/src/main/java/myflink"}]}}'
2020-07-20 02:16:16,176 - DEBUG - TX: Sending notification: b'Content-Length: 194\r\n\r\n{"jsonrpc":"2.0","method":"workspace/didChangeWatchedFiles","params":{"changes":[{"type":2,"uri":"file:///home/zyh/tmpWorkZone/RTSP/myflinkRTSP/src/main/java/myflink/.PravegaWriter.java.swp"}]}}'
2020-07-20 02:16:16,207 - DEBUG - RX: Received message: b'{"jsonrpc":"2.0","method":"textDocument/publishDiagnostics","params":{"uri":"file:///home/zyh/tmpWorkZone/RTSP/myflinkRTSP","diagnostics":[]}}'
2020-07-20 02:16:16,212 - INFO - Received event notification
2020-07-20 02:16:16,212 - DEBUG - Event name: BufferVisit
2020-07-20 02:16:16,216 - INFO - Received event notification
2020-07-20 02:16:16,217 - DEBUG - Event name: FileReadyToParse
2020-07-20 02:16:16,217 - INFO - Adding buffer identifiers for file: /home/zyh/tmpWorkZone/RTSP/myflinkRTSP/src/main/java/myflink/PravegaWriter.java
2020-07-20 02:16:16,216 - DEBUG - RX: Received message: b'{"jsonrpc":"2.0","method":"textDocument/publishDiagnostics","params":{"uri":"file:///home/zyh/tmpWorkZone/RTSP/myflinkRTSP/pom.xml","diagnostics":[]}}'
2020-07-20 02:16:16,219 - DEBUG - Refreshing file /home/zyh/tmpWorkZone/RTSP/myflinkRTSP/src/main/java/myflink/PravegaWriter.java: State is Open/action Open
2020-07-20 02:16:16,219 - DEBUG - TX: Sending notification: b'Content-Length: 1851\r\n\r\n{"jsonrpc":"2.0","method":"textDocument/didOpen","params":{"textDocument":{"languageId":"java","text":"package myflink;\\n\\nimport java.net.URI;\\nimport java.nio.ByteBuffer;\\n\\nimport io.pravega.client.ClientConfig;\\nimport io.pravega.client.stream.*;\\nimport io.pravega.client.EventStreamClientFactory;\\nimport io.pravega.client.stream.EventStreamWriter;\\nimport io.pravega.client.admin.StreamManager;\\nimport io.pravega.client.stream.impl.ByteBufferSerializer;\\n\\nimport io.pravega.client.stream.impl.JavaSerializer;\\n\\n\\npublic class PravegaWriter {\\n\\n    private EventStreamWriter<String> writer;\\n\\n    public PravegaWriter(String scope, String streamName, String uri) {\\n        URI controllerURI = URI.create(uri);\\n        StreamManager streamManager = StreamManager.create(controllerURI);\\n        System.out.println(\\"Create Scope ...\\");\\n        final boolean scopeIsNew = streamManager.createScope(scope);\\n        StreamConfiguration streamConfig = StreamConfiguration.builder()\\n                .scalingPolicy(ScalingPolicy.fixed(1))\\n                .build();\\n        streamManager.createStream(scope, streamName, streamConfig);\\n        System.out.println(\\"Create Stream success\\");\\n        EventStreamClientFactory clientFactory = EventStreamClientFactory.withScope(scope, ClientConfig.builder().controllerURI(controllerURI).build());\\n        this.writer = clientFactory.createEventWriter(streamName, new JavaSerializer<String>(), EventWriterConfig.builder().build());\\n    }\\n\\n    public void writeMsg(String routingKey, String message) throws Exception {\\n        System.out.println(\\"Start Write ...\\");\\n        this.writer.writeEvent(routingKey, message);\\n        System.out.println(\\"Write done\\");\\n    }\\n}\\n","uri":"file:///home/zyh/tmpWorkZone/RTSP/myflinkRTSP/src/main/java/myflink/PravegaWriter.java","version":1}}}'
2020-07-20 02:16:16,239 - DEBUG - RX: Received message: b'{"jsonrpc":"2.0","method":"window/logMessage","params":{"type":3,"message":"Jul 20, 2020, 2:16:16 AM \\u003e\\u003e workspace/didChangeWatchedFiles "}}'
2020-07-20 02:16:16,259 - DEBUG - RX: Received message: b'{"jsonrpc":"2.0","method":"window/logMessage","params":{"type":3,"message":"Jul 20, 2020, 2:16:16 AM \\u003e\\u003e workspace/didChangeWatchedFiles "}}'
2020-07-20 02:16:16,280 - DEBUG - RX: Received message: b'{"jsonrpc":"2.0","method":"window/logMessage","params":{"type":3,"message":"Jul 20, 2020, 2:16:16 AM \\u003e\\u003e workspace/didChangeWatchedFiles "}}'
2020-07-20 02:16:16,306 - DEBUG - RX: Received message: b'{"jsonrpc":"2.0","method":"window/logMessage","params":{"type":3,"message":"Jul 20, 2020, 2:16:16 AM \\u003e\\u003e workspace/didChangeWatchedFiles "}}'
2020-07-20 02:16:16,307 - DEBUG - RX: Received message: b'{"jsonrpc":"2.0","method":"textDocument/publishDiagnostics","params":{"uri":"file:///home/zyh/tmpWorkZone/RTSP/myflinkRTSP/src/main/java/myflink/.PravegaWriter.java.swx","diagnostics":[]}}'
2020-07-20 02:16:16,331 - DEBUG - RX: Received message: b'{"jsonrpc":"2.0","method":"window/logMessage","params":{"type":3,"message":"Jul 20, 2020, 2:16:16 AM \\u003e\\u003e workspace/didChangeWatchedFiles "}}'
2020-07-20 02:16:16,350 - DEBUG - RX: Received message: b'{"jsonrpc":"2.0","method":"window/logMessage","params":{"type":3,"message":"Jul 20, 2020, 2:16:16 AM \\u003e\\u003e workspace/didChangeWatchedFiles "}}'
2020-07-20 02:16:16,350 - DEBUG - RX: Received message: b'{"jsonrpc":"2.0","method":"textDocument/publishDiagnostics","params":{"uri":"file:///home/zyh/tmpWorkZone/RTSP/myflinkRTSP/src/main/java/myflink/.PravegaWriter.java.swp","diagnostics":[]}}'
2020-07-20 02:16:16,356 - ERROR - Error reading file /home/zyh/tmpWorkZone/RTSP/myflinkRTSP
Traceback (most recent call last):
  File "/home/zyh/.vim/bundle/YouCompleteMe/third_party/ycmd/ycmd/completers/completer_utils.py", line 234, in GetFileContents
    return ToUnicode( ReadFile( filename ) )
  File "/home/zyh/.vim/bundle/YouCompleteMe/third_party/ycmd/ycmd/utils.py", line 85, in ReadFile
    with open( filepath, encoding = 'utf8' ) as f:
IsADirectoryError: [Errno 21] Is a directory: '/home/zyh/tmpWorkZone/RTSP/myflinkRTSP'
2020-07-20 02:16:16,356 - INFO - Server reported: Jul 20, 2020, 2:16:14 AM >> workspace/didChangeWatchedFiles 
2020-07-20 02:16:16,356 - INFO - Server reported: Jul 20, 2020, 2:16:14 AM >> document/didClose
2020-07-20 02:16:16,356 - INFO - Server reported: Jul 20, 2020, 2:16:16 AM >> workspace/didChangeWatchedFiles 
2020-07-20 02:16:16,356 - ERROR - Error reading file /home/zyh/tmpWorkZone/RTSP/myflinkRTSP
Traceback (most recent call last):
  File "/home/zyh/.vim/bundle/YouCompleteMe/third_party/ycmd/ycmd/completers/completer_utils.py", line 234, in GetFileContents
    return ToUnicode( ReadFile( filename ) )
  File "/home/zyh/.vim/bundle/YouCompleteMe/third_party/ycmd/ycmd/utils.py", line 85, in ReadFile
    with open( filepath, encoding = 'utf8' ) as f:
IsADirectoryError: [Errno 21] Is a directory: '/home/zyh/tmpWorkZone/RTSP/myflinkRTSP'
2020-07-20 02:16:16,357 - INFO - Server reported: Jul 20, 2020, 2:16:16 AM >> workspace/didChangeWatchedFiles 
2020-07-20 02:16:16,357 - INFO - Server reported: Jul 20, 2020, 2:16:16 AM >> workspace/didChangeWatchedFiles 
2020-07-20 02:16:16,357 - INFO - Server reported: Jul 20, 2020, 2:16:16 AM >> workspace/didChangeWatchedFiles 
2020-07-20 02:16:16,357 - INFO - Server reported: Jul 20, 2020, 2:16:16 AM >> workspace/didChangeWatchedFiles 
2020-07-20 02:16:16,357 - ERROR - Error reading file /home/zyh/tmpWorkZone/RTSP/myflinkRTSP/src/main/java/myflink/.PravegaWriter.java.swx
Traceback (most recent call last):
  File "/home/zyh/.vim/bundle/YouCompleteMe/third_party/ycmd/ycmd/completers/completer_utils.py", line 234, in GetFileContents
    return ToUnicode( ReadFile( filename ) )
  File "/home/zyh/.vim/bundle/YouCompleteMe/third_party/ycmd/ycmd/utils.py", line 85, in ReadFile
    with open( filepath, encoding = 'utf8' ) as f:
FileNotFoundError: [Errno 2] No such file or directory: '/home/zyh/tmpWorkZone/RTSP/myflinkRTSP/src/main/java/myflink/.PravegaWriter.java.swx'
2020-07-20 02:16:16,357 - INFO - Server reported: Jul 20, 2020, 2:16:16 AM >> workspace/didChangeWatchedFiles 
2020-07-20 02:16:16,357 - INFO - Server reported: Jul 20, 2020, 2:16:16 AM >> workspace/didChangeWatchedFiles 
2020-07-20 02:16:16,357 - ERROR - Error reading file /home/zyh/tmpWorkZone/RTSP/myflinkRTSP/src/main/java/myflink/.PravegaWriter.java.swp
Traceback (most recent call last):
  File "/home/zyh/.vim/bundle/YouCompleteMe/third_party/ycmd/ycmd/completers/completer_utils.py", line 234, in GetFileContents
    return ToUnicode( ReadFile( filename ) )
  File "/home/zyh/.vim/bundle/YouCompleteMe/third_party/ycmd/ycmd/utils.py", line 86, in ReadFile
    return f.read()
  File "/usr/lib/python3.6/codecs.py", line 321, in decode
    (result, consumed) = self._buffer_decode(data, self.errors, final)
UnicodeDecodeError: 'utf-8' codec can't decode byte 0xf6 in position 20: invalid start byte
2020-07-20 02:16:16,375 - DEBUG - RX: Received message: b'{"jsonrpc":"2.0","method":"window/logMessage","params":{"type":3,"message":"Jul 20, 2020, 2:16:16 AM \\u003e\\u003e workspace/didChangeWatchedFiles "}}'
2020-07-20 02:16:16,388 - DEBUG - RX: Received message: b'{"jsonrpc":"2.0","method":"window/logMessage","params":{"type":3,"message":"Jul 20, 2020, 2:16:16 AM \\u003e\\u003e workspace/didChangeWatchedFiles "}}'
2020-07-20 02:16:16,392 - DEBUG - RX: Received message: b'{"jsonrpc":"2.0","method":"window/logMessage","params":{"type":3,"message":"Jul 20, 2020, 2:16:16 AM \\u003e\\u003e workspace/didChangeWatchedFiles "}}'
2020-07-20 02:16:16,407 - DEBUG - RX: Received message: b'{"jsonrpc":"2.0","method":"window/logMessage","params":{"type":3,"message":"Jul 20, 2020, 2:16:16 AM \\u003e\\u003e workspace/didChangeWatchedFiles "}}'
2020-07-20 02:16:16,415 - DEBUG - RX: Received message: b'{"jsonrpc":"2.0","method":"window/logMessage","params":{"type":3,"message":"Jul 20, 2020, 2:16:16 AM \\u003e\\u003e document/didOpen"}}'
2020-07-20 02:16:16,459 - INFO - Server reported: Jul 20, 2020, 2:16:16 AM >> workspace/didChangeWatchedFiles 
2020-07-20 02:16:16,459 - INFO - Server reported: Jul 20, 2020, 2:16:16 AM >> workspace/didChangeWatchedFiles 
2020-07-20 02:16:16,459 - INFO - Server reported: Jul 20, 2020, 2:16:16 AM >> workspace/didChangeWatchedFiles 
2020-07-20 02:16:16,459 - INFO - Server reported: Jul 20, 2020, 2:16:16 AM >> workspace/didChangeWatchedFiles 
2020-07-20 02:16:16,459 - INFO - Server reported: Jul 20, 2020, 2:16:16 AM >> document/didOpen
2020-07-20 02:16:18,274 - DEBUG - in-event <InotifyEvent: src_path=b'/home/zyh/tmpWorkZone/RTSP/myflinkRTSP/src/main/java/myflink/.PravegaWriter.java.swp', wd=8, mask=IN_MODIFY, cookie=0, name=.PravegaWriter.java.swp>
2020-07-20 02:16:18,274 - DEBUG - TX: Sending notification: b'Content-Length: 194\r\n\r\n{"jsonrpc":"2.0","method":"workspace/didChangeWatchedFiles","params":{"changes":[{"type":2,"uri":"file:///home/zyh/tmpWorkZone/RTSP/myflinkRTSP/src/main/java/myflink/.PravegaWriter.java.swp"}]}}'
2020-07-20 02:16:18,283 - DEBUG - RX: Received message: b'{"jsonrpc":"2.0","method":"window/logMessage","params":{"type":3,"message":"Jul 20, 2020, 2:16:18 AM \\u003e\\u003e workspace/didChangeWatchedFiles "}}'
2020-07-20 02:16:18,283 - DEBUG - RX: Received message: b'{"jsonrpc":"2.0","method":"textDocument/publishDiagnostics","params":{"uri":"file:///home/zyh/tmpWorkZone/RTSP/myflinkRTSP","diagnostics":[]}}'
2020-07-20 02:16:18,284 - DEBUG - RX: Received message: b'{"jsonrpc":"2.0","method":"textDocument/publishDiagnostics","params":{"uri":"file:///home/zyh/tmpWorkZone/RTSP/myflinkRTSP/pom.xml","diagnostics":[]}}'
2020-07-20 02:16:18,284 - INFO - Server reported: Jul 20, 2020, 2:16:18 AM >> workspace/didChangeWatchedFiles 
2020-07-20 02:16:18,284 - ERROR - Error reading file /home/zyh/tmpWorkZone/RTSP/myflinkRTSP
Traceback (most recent call last):
  File "/home/zyh/.vim/bundle/YouCompleteMe/third_party/ycmd/ycmd/completers/completer_utils.py", line 234, in GetFileContents
    return ToUnicode( ReadFile( filename ) )
  File "/home/zyh/.vim/bundle/YouCompleteMe/third_party/ycmd/ycmd/utils.py", line 85, in ReadFile
    with open( filepath, encoding = 'utf8' ) as f:
IsADirectoryError: [Errno 21] Is a directory: '/home/zyh/tmpWorkZone/RTSP/myflinkRTSP'
2020-07-20 02:16:18,349 - INFO - Received event notification
2020-07-20 02:16:18,350 - DEBUG - Event name: CurrentIdentifierFinished
2020-07-20 02:16:18,350 - INFO - Adding ONE buffer identifier for file: /home/zyh/tmpWorkZone/RTSP/myflinkRTSP/src/main/java/myflink/PravegaWriter.java
2020-07-20 02:16:18,651 - INFO - Received completion request
2020-07-20 02:16:18,652 - DEBUG - Using filetype completion: False
2020-07-20 02:16:18,808 - INFO - Received completion request
2020-07-20 02:16:18,809 - DEBUG - Using filetype completion: False
2020-07-20 02:16:18,950 - INFO - Received completion request
2020-07-20 02:16:18,951 - DEBUG - Using filetype completion: False
2020-07-20 02:16:19,089 - INFO - Received completion request
2020-07-20 02:16:19,089 - DEBUG - Using filetype completion: False
2020-07-20 02:16:19,156 - INFO - Received completion request
2020-07-20 02:16:19,157 - DEBUG - Using filetype completion: False
2020-07-20 02:16:19,230 - INFO - Received completion request
2020-07-20 02:16:19,231 - DEBUG - Using filetype completion: False
2020-07-20 02:16:19,451 - INFO - Received completion request
2020-07-20 02:16:19,451 - INFO - Received event notification
2020-07-20 02:16:19,453 - DEBUG - Event name: CurrentIdentifierFinished
2020-07-20 02:16:19,453 - INFO - Adding ONE buffer identifier for file: /home/zyh/tmpWorkZone/RTSP/myflinkRTSP/src/main/java/myflink/PravegaWriter.java
2020-07-20 02:16:19,453 - DEBUG - Using filetype completion: True
2020-07-20 02:16:19,454 - DEBUG - Refreshing file /home/zyh/tmpWorkZone/RTSP/myflinkRTSP/src/main/java/myflink/PravegaWriter.java: State is Open/action Change
2020-07-20 02:16:19,454 - DEBUG - TX: Sending notification: b'Content-Length: 1871\r\n\r\n{"jsonrpc":"2.0","method":"textDocument/didChange","params":{"contentChanges":[{"text":"package myflink;\\n\\nimport java.net.URI;\\nimport java.nio.ByteBuffer;\\n\\nimport io.pravega.client.ClientConfig;\\nimport io.pravega.client.stream.*;\\nimport io.pravega.client.EventStreamClientFactory;\\nimport io.pravega.client.stream.EventStreamWriter;\\nimport io.pravega.client.admin.StreamManager;\\nimport io.pravega.client.stream.impl.ByteBufferSerializer;\\n\\nimport io.pravega.client.stream.impl.JavaSerializer;\\n\\n\\npublic class PravegaWriter {\\n\\n    private EventStreamWriter<String> writer;\\n\\n    public PravegaWriter(String scope, String streamName, String uri) {\\n        URI controllerURI = URI.create(uri);\\n        StreamManager streamManager = StreamManager.create(controllerURI);\\n        System.out.println(\\"Create Scope ...\\");\\n        final boolean scopeIsNew = streamManager.createScope(scope);\\n        System.\\n        StreamConfiguration streamConfig = StreamConfiguration.builder()\\n                .scalingPolicy(ScalingPolicy.fixed(1))\\n                .build();\\n        streamManager.createStream(scope, streamName, streamConfig);\\n        System.out.println(\\"Create Stream success\\");\\n        EventStreamClientFactory clientFactory = EventStreamClientFactory.withScope(scope, ClientConfig.builder().controllerURI(controllerURI).build());\\n        this.writer = clientFactory.createEventWriter(streamName, new JavaSerializer<String>(), EventWriterConfig.builder().build());\\n    }\\n\\n    public void writeMsg(String routingKey, String message) throws Exception {\\n        System.out.println(\\"Start Write ...\\");\\n        this.writer.writeEvent(routingKey, message);\\n        System.out.println(\\"Write done\\");\\n    }\\n}\\n"}],"textDocument":{"uri":"file:///home/zyh/tmpWorkZone/RTSP/myflinkRTSP/src/main/java/myflink/PravegaWriter.java","version":2}}}'
2020-07-20 02:16:19,458 - DEBUG - TX: Sending message: b'Content-Length: 220\r\n\r\n{"id":2,"jsonrpc":"2.0","method":"textDocument/completion","params":{"position":{"character":15,"line":24},"textDocument":{"uri":"file:///home/zyh/tmpWorkZone/RTSP/myflinkRTSP/src/main/java/myflink/PravegaWriter.java"}}}'
2020-07-20 02:16:19,458 - DEBUG - RX: Received message: b'{"jsonrpc":"2.0","method":"window/logMessage","params":{"type":3,"message":"Jul 20, 2020, 2:16:19 AM \\u003e\\u003e document/didChange"}}'
2020-07-20 02:16:19,458 - INFO - Server reported: Jul 20, 2020, 2:16:19 AM >> document/didChange
2020-07-20 02:16:19,475 - DEBUG - RX: Received message: b'{"jsonrpc":"2.0","method":"window/logMessage","params":{"type":3,"message":"Jul 20, 2020, 2:16:19 AM \\u003e\\u003e document/completion"}}'
2020-07-20 02:16:19,475 - INFO - Server reported: Jul 20, 2020, 2:16:19 AM >> document/completion
2020-07-20 02:16:19,490 - DEBUG - RX: Received message: b'{"jsonrpc":"2.0","method":"window/logMessage","params":{"type":3,"message":"Jul 20, 2020, 2:16:19 AM Completion request completed"}}'
2020-07-20 02:16:19,491 - INFO - Server reported: Jul 20, 2020, 2:16:19 AM Completion request completed
2020-07-20 02:16:19,500 - DEBUG - RX: Received message: b'{"jsonrpc":"2.0","id":2,"result":{"isIncomplete":false,"items":[]}}'
2020-07-20 02:16:23,364 - INFO - Received event notification
2020-07-20 02:16:23,364 - DEBUG - Event name: FileReadyToParse
2020-07-20 02:16:23,364 - INFO - Adding buffer identifiers for file: /home/zyh/tmpWorkZone/RTSP/myflinkRTSP/src/main/java/myflink/PravegaWriter.java
2020-07-20 02:16:23,365 - DEBUG - Refreshing file /home/zyh/tmpWorkZone/RTSP/myflinkRTSP/src/main/java/myflink/PravegaWriter.java: State is Open/action None
2020-07-20 02:16:23,374 - INFO - Received event notification
2020-07-20 02:16:23,374 - DEBUG - Event name: InsertLeave
2020-07-20 02:16:23,796 - DEBUG - in-event <InotifyEvent: src_path=b'/home/zyh/tmpWorkZone/RTSP/myflinkRTSP/src/main/java/myflink/.PravegaWriter.java.swp', wd=8, mask=IN_MODIFY, cookie=0, name=.PravegaWriter.java.swp>
2020-07-20 02:16:23,796 - DEBUG - TX: Sending notification: b'Content-Length: 194\r\n\r\n{"jsonrpc":"2.0","method":"workspace/didChangeWatchedFiles","params":{"changes":[{"type":2,"uri":"file:///home/zyh/tmpWorkZone/RTSP/myflinkRTSP/src/main/java/myflink/.PravegaWriter.java.swp"}]}}'
2020-07-20 02:16:23,799 - DEBUG - RX: Received message: b'{"jsonrpc":"2.0","method":"window/logMessage","params":{"type":3,"message":"Jul 20, 2020, 2:16:23 AM \\u003e\\u003e workspace/didChangeWatchedFiles "}}'
2020-07-20 02:16:23,807 - INFO - Server reported: Jul 20, 2020, 2:16:23 AM >> workspace/didChangeWatchedFiles 
2020-07-20 02:16:23,820 - INFO - Received event notification
2020-07-20 02:16:23,820 - DEBUG - Event name: FileReadyToParse
2020-07-20 02:16:23,820 - INFO - Adding buffer identifiers for file: /home/zyh/tmpWorkZone/RTSP/myflinkRTSP/src/main/java/myflink/PravegaWriter.java
2020-07-20 02:16:23,821 - DEBUG - Refreshing file /home/zyh/tmpWorkZone/RTSP/myflinkRTSP/src/main/java/myflink/PravegaWriter.java: State is Open/action Change
2020-07-20 02:16:23,821 - DEBUG - TX: Sending notification: b'Content-Length: 1854\r\n\r\n{"jsonrpc":"2.0","method":"textDocument/didChange","params":{"contentChanges":[{"text":"package myflink;\\n\\nimport java.net.URI;\\nimport java.nio.ByteBuffer;\\n\\nimport io.pravega.client.ClientConfig;\\nimport io.pravega.client.stream.*;\\nimport io.pravega.client.EventStreamClientFactory;\\nimport io.pravega.client.stream.EventStreamWriter;\\nimport io.pravega.client.admin.StreamManager;\\nimport io.pravega.client.stream.impl.ByteBufferSerializer;\\n\\nimport io.pravega.client.stream.impl.JavaSerializer;\\n\\n\\npublic class PravegaWriter {\\n\\n    private EventStreamWriter<String> writer;\\n\\n    public PravegaWriter(String scope, String streamName, String uri) {\\n        URI controllerURI = URI.create(uri);\\n        StreamManager streamManager = StreamManager.create(controllerURI);\\n        System.out.println(\\"Create Scope ...\\");\\n        final boolean scopeIsNew = streamManager.createScope(scope);\\n        StreamConfiguration streamConfig = StreamConfiguration.builder()\\n                .scalingPolicy(ScalingPolicy.fixed(1))\\n                .build();\\n        streamManager.createStream(scope, streamName, streamConfig);\\n        System.out.println(\\"Create Stream success\\");\\n        EventStreamClientFactory clientFactory = EventStreamClientFactory.withScope(scope, ClientConfig.builder().controllerURI(controllerURI).build());\\n        this.writer = clientFactory.createEventWriter(streamName, new JavaSerializer<String>(), EventWriterConfig.builder().build());\\n    }\\n\\n    public void writeMsg(String routingKey, String message) throws Exception {\\n        System.out.println(\\"Start Write ...\\");\\n        this.writer.writeEvent(routingKey, message);\\n        System.out.println(\\"Write done\\");\\n    }\\n}\\n"}],"textDocument":{"uri":"file:///home/zyh/tmpWorkZone/RTSP/myflinkRTSP/src/main/java/myflink/PravegaWriter.java","version":3}}}'
2020-07-20 02:16:23,822 - DEBUG - RX: Received message: b'{"jsonrpc":"2.0","method":"textDocument/publishDiagnostics","params":{"uri":"file:///home/zyh/tmpWorkZone/RTSP/myflinkRTSP","diagnostics":[]}}'
2020-07-20 02:16:23,822 - ERROR - Error reading file /home/zyh/tmpWorkZone/RTSP/myflinkRTSP
Traceback (most recent call last):
  File "/home/zyh/.vim/bundle/YouCompleteMe/third_party/ycmd/ycmd/completers/completer_utils.py", line 234, in GetFileContents
    return ToUnicode( ReadFile( filename ) )
  File "/home/zyh/.vim/bundle/YouCompleteMe/third_party/ycmd/ycmd/utils.py", line 85, in ReadFile
    with open( filepath, encoding = 'utf8' ) as f:
IsADirectoryError: [Errno 21] Is a directory: '/home/zyh/tmpWorkZone/RTSP/myflinkRTSP'
2020-07-20 02:16:23,830 - DEBUG - RX: Received message: b'{"jsonrpc":"2.0","method":"textDocument/publishDiagnostics","params":{"uri":"file:///home/zyh/tmpWorkZone/RTSP/myflinkRTSP/pom.xml","diagnostics":[]}}'
2020-07-20 02:16:23,836 - DEBUG - RX: Received message: b'{"jsonrpc":"2.0","method":"window/logMessage","params":{"type":3,"message":"Jul 20, 2020, 2:16:23 AM \\u003e\\u003e document/didChange"}}'
2020-07-20 02:16:23,878 - INFO - Server reported: Jul 20, 2020, 2:16:23 AM >> document/didChange
2020-07-20 02:16:24,474 - DEBUG - in-event <InotifyEvent: src_path=b'/home/zyh/tmpWorkZone/RTSP/myflinkRTSP/src/main/java/myflink/.PravegaWriter.java.swp', wd=8, mask=IN_MODIFY, cookie=0, name=.PravegaWriter.java.swp>
2020-07-20 02:16:24,474 - DEBUG - TX: Sending notification: b'Content-Length: 194\r\n\r\n{"jsonrpc":"2.0","method":"workspace/didChangeWatchedFiles","params":{"changes":[{"type":2,"uri":"file:///home/zyh/tmpWorkZone/RTSP/myflinkRTSP/src/main/java/myflink/.PravegaWriter.java.swp"}]}}'
2020-07-20 02:16:24,483 - DEBUG - RX: Received message: b'{"jsonrpc":"2.0","method":"window/logMessage","params":{"type":3,"message":"Jul 20, 2020, 2:16:24 AM \\u003e\\u003e workspace/didChangeWatchedFiles "}}'
2020-07-20 02:16:24,483 - INFO - Server reported: Jul 20, 2020, 2:16:24 AM >> workspace/didChangeWatchedFiles 
2020-07-20 02:16:24,491 - DEBUG - RX: Received message: b'{"jsonrpc":"2.0","method":"textDocument/publishDiagnostics","params":{"uri":"file:///home/zyh/tmpWorkZone/RTSP/myflinkRTSP","diagnostics":[]}}'
2020-07-20 02:16:24,491 - ERROR - Error reading file /home/zyh/tmpWorkZone/RTSP/myflinkRTSP
Traceback (most recent call last):
  File "/home/zyh/.vim/bundle/YouCompleteMe/third_party/ycmd/ycmd/completers/completer_utils.py", line 234, in GetFileContents
    return ToUnicode( ReadFile( filename ) )
  File "/home/zyh/.vim/bundle/YouCompleteMe/third_party/ycmd/ycmd/utils.py", line 85, in ReadFile
    with open( filepath, encoding = 'utf8' ) as f:
IsADirectoryError: [Errno 21] Is a directory: '/home/zyh/tmpWorkZone/RTSP/myflinkRTSP'
2020-07-20 02:16:24,505 - DEBUG - RX: Received message: b'{"jsonrpc":"2.0","method":"textDocument/publishDiagnostics","params":{"uri":"file:///home/zyh/tmpWorkZone/RTSP/myflinkRTSP/pom.xml","diagnostics":[]}}'
2020-07-20 02:16:24,547 - INFO - Received event notification
2020-07-20 02:16:24,547 - DEBUG - Event name: CurrentIdentifierFinished
2020-07-20 02:16:24,547 - INFO - Adding ONE buffer identifier for file: /home/zyh/tmpWorkZone/RTSP/myflinkRTSP/src/main/java/myflink/PravegaWriter.java
2020-07-20 02:16:24,656 - INFO - Received completion request
2020-07-20 02:16:24,656 - DEBUG - Using filetype completion: False
2020-07-20 02:16:24,738 - INFO - Received completion request
2020-07-20 02:16:24,738 - DEBUG - Using filetype completion: False
2020-07-20 02:16:24,831 - INFO - Received completion request
2020-07-20 02:16:24,831 - DEBUG - Using filetype completion: False
2020-07-20 02:16:24,882 - INFO - Received completion request
2020-07-20 02:16:24,882 - DEBUG - Using filetype completion: False
2020-07-20 02:16:25,042 - INFO - Received completion request
2020-07-20 02:16:25,042 - DEBUG - Using filetype completion: True
2020-07-20 02:16:25,042 - DEBUG - Refreshing file /home/zyh/tmpWorkZone/RTSP/myflinkRTSP/src/main/java/myflink/PravegaWriter.java: State is Open/action Change
2020-07-20 02:16:25,043 - DEBUG - TX: Sending notification: b'Content-Length: 1869\r\n\r\n{"jsonrpc":"2.0","method":"textDocument/didChange","params":{"contentChanges":[{"text":"package myflink;\\n\\nimport java.net.URI;\\nimport java.nio.ByteBuffer;\\n\\nimport io.pravega.client.ClientConfig;\\nimport io.pravega.client.stream.*;\\nimport io.pravega.client.EventStreamClientFactory;\\nimport io.pravega.client.stream.EventStreamWriter;\\nimport io.pravega.client.admin.StreamManager;\\nimport io.pravega.client.stream.impl.ByteBufferSerializer;\\n\\nimport io.pravega.client.stream.impl.JavaSerializer;\\n\\n\\npublic class PravegaWriter {\\n\\n    private EventStreamWriter<String> writer;\\n\\n    public PravegaWriter(String scope, String streamName, String uri) {\\n        URI controllerURI = URI.create(uri);\\n        StreamManager streamManager = StreamManager.create(controllerURI);\\n        System.out.println(\\"Create Scope ...\\");\\n        final boolean scopeIsNew = streamManager.createScope(scope);\\n        this.\\n        StreamConfiguration streamConfig = StreamConfiguration.builder()\\n                .scalingPolicy(ScalingPolicy.fixed(1))\\n                .build();\\n        streamManager.createStream(scope, streamName, streamConfig);\\n        System.out.println(\\"Create Stream success\\");\\n        EventStreamClientFactory clientFactory = EventStreamClientFactory.withScope(scope, ClientConfig.builder().controllerURI(controllerURI).build());\\n        this.writer = clientFactory.createEventWriter(streamName, new JavaSerializer<String>(), EventWriterConfig.builder().build());\\n    }\\n\\n    public void writeMsg(String routingKey, String message) throws Exception {\\n        System.out.println(\\"Start Write ...\\");\\n        this.writer.writeEvent(routingKey, message);\\n        System.out.println(\\"Write done\\");\\n    }\\n}\\n"}],"textDocument":{"uri":"file:///home/zyh/tmpWorkZone/RTSP/myflinkRTSP/src/main/java/myflink/PravegaWriter.java","version":4}}}'
2020-07-20 02:16:25,045 - DEBUG - RX: Received message: b'{"jsonrpc":"2.0","method":"window/logMessage","params":{"type":3,"message":"Jul 20, 2020, 2:16:25 AM \\u003e\\u003e document/didChange"}}'
2020-07-20 02:16:25,045 - INFO - Server reported: Jul 20, 2020, 2:16:25 AM >> document/didChange
2020-07-20 02:16:25,046 - INFO - Received event notification
2020-07-20 02:16:25,046 - DEBUG - Event name: CurrentIdentifierFinished
2020-07-20 02:16:25,046 - INFO - Adding ONE buffer identifier for file: /home/zyh/tmpWorkZone/RTSP/myflinkRTSP/src/main/java/myflink/PravegaWriter.java
2020-07-20 02:16:25,047 - DEBUG - TX: Sending message: b'Content-Length: 220\r\n\r\n{"id":3,"jsonrpc":"2.0","method":"textDocument/completion","params":{"position":{"character":13,"line":24},"textDocument":{"uri":"file:///home/zyh/tmpWorkZone/RTSP/myflinkRTSP/src/main/java/myflink/PravegaWriter.java"}}}'
2020-07-20 02:16:25,051 - DEBUG - RX: Received message: b'{"jsonrpc":"2.0","method":"window/logMessage","params":{"type":3,"message":"Jul 20, 2020, 2:16:25 AM \\u003e\\u003e document/completion"}}'
2020-07-20 02:16:25,052 - INFO - Server reported: Jul 20, 2020, 2:16:25 AM >> document/completion
2020-07-20 02:16:25,059 - DEBUG - RX: Received message: b'{"jsonrpc":"2.0","method":"window/logMessage","params":{"type":3,"message":"Jul 20, 2020, 2:16:25 AM Completion request completed"}}'
2020-07-20 02:16:25,059 - INFO - Server reported: Jul 20, 2020, 2:16:25 AM Completion request completed
2020-07-20 02:16:25,059 - DEBUG - RX: Received message: b'{"jsonrpc":"2.0","id":3,"result":{"isIncomplete":false,"items":[]}}'
2020-07-20 02:16:28,698 - INFO - Received event notification
2020-07-20 02:16:28,698 - DEBUG - Event name: FileReadyToParse
2020-07-20 02:16:28,698 - INFO - Adding buffer identifiers for file: /home/zyh/tmpWorkZone/RTSP/myflinkRTSP/src/main/java/myflink/PravegaWriter.java
2020-07-20 02:16:28,699 - DEBUG - Refreshing file /home/zyh/tmpWorkZone/RTSP/myflinkRTSP/src/main/java/myflink/PravegaWriter.java: State is Open/action None
2020-07-20 02:16:28,707 - INFO - Received event notification
2020-07-20 02:16:28,708 - DEBUG - Event name: InsertLeave
2020-07-20 02:16:29,013 - DEBUG - in-event <InotifyEvent: src_path=b'/home/zyh/tmpWorkZone/RTSP/myflinkRTSP/src/main/java/myflink/.PravegaWriter.java.swp', wd=8, mask=IN_MODIFY, cookie=0, name=.PravegaWriter.java.swp>
2020-07-20 02:16:29,013 - DEBUG - TX: Sending notification: b'Content-Length: 194\r\n\r\n{"jsonrpc":"2.0","method":"workspace/didChangeWatchedFiles","params":{"changes":[{"type":2,"uri":"file:///home/zyh/tmpWorkZone/RTSP/myflinkRTSP/src/main/java/myflink/.PravegaWriter.java.swp"}]}}'
2020-07-20 02:16:29,015 - DEBUG - RX: Received message: b'{"jsonrpc":"2.0","method":"window/logMessage","params":{"type":3,"message":"Jul 20, 2020, 2:16:29 AM \\u003e\\u003e workspace/didChangeWatchedFiles "}}'
2020-07-20 02:16:29,015 - INFO - Server reported: Jul 20, 2020, 2:16:29 AM >> workspace/didChangeWatchedFiles 
2020-07-20 02:16:29,035 - DEBUG - RX: Received message: b'{"jsonrpc":"2.0","method":"textDocument/publishDiagnostics","params":{"uri":"file:///home/zyh/tmpWorkZone/RTSP/myflinkRTSP","diagnostics":[]}}'
2020-07-20 02:16:29,035 - ERROR - Error reading file /home/zyh/tmpWorkZone/RTSP/myflinkRTSP
Traceback (most recent call last):
  File "/home/zyh/.vim/bundle/YouCompleteMe/third_party/ycmd/ycmd/completers/completer_utils.py", line 234, in GetFileContents
    return ToUnicode( ReadFile( filename ) )
  File "/home/zyh/.vim/bundle/YouCompleteMe/third_party/ycmd/ycmd/utils.py", line 85, in ReadFile
    with open( filepath, encoding = 'utf8' ) as f:
IsADirectoryError: [Errno 21] Is a directory: '/home/zyh/tmpWorkZone/RTSP/myflinkRTSP'
2020-07-20 02:16:29,037 - INFO - Received event notification
2020-07-20 02:16:29,038 - DEBUG - Event name: FileReadyToParse
2020-07-20 02:16:29,038 - INFO - Adding buffer identifiers for file: /home/zyh/tmpWorkZone/RTSP/myflinkRTSP/src/main/java/myflink/PravegaWriter.java
2020-07-20 02:16:29,038 - DEBUG - Refreshing file /home/zyh/tmpWorkZone/RTSP/myflinkRTSP/src/main/java/myflink/PravegaWriter.java: State is Open/action Change
2020-07-20 02:16:29,038 - DEBUG - TX: Sending notification: b'Content-Length: 1854\r\n\r\n{"jsonrpc":"2.0","method":"textDocument/didChange","params":{"contentChanges":[{"text":"package myflink;\\n\\nimport java.net.URI;\\nimport java.nio.ByteBuffer;\\n\\nimport io.pravega.client.ClientConfig;\\nimport io.pravega.client.stream.*;\\nimport io.pravega.client.EventStreamClientFactory;\\nimport io.pravega.client.stream.EventStreamWriter;\\nimport io.pravega.client.admin.StreamManager;\\nimport io.pravega.client.stream.impl.ByteBufferSerializer;\\n\\nimport io.pravega.client.stream.impl.JavaSerializer;\\n\\n\\npublic class PravegaWriter {\\n\\n    private EventStreamWriter<String> writer;\\n\\n    public PravegaWriter(String scope, String streamName, String uri) {\\n        URI controllerURI = URI.create(uri);\\n        StreamManager streamManager = StreamManager.create(controllerURI);\\n        System.out.println(\\"Create Scope ...\\");\\n        final boolean scopeIsNew = streamManager.createScope(scope);\\n        StreamConfiguration streamConfig = StreamConfiguration.builder()\\n                .scalingPolicy(ScalingPolicy.fixed(1))\\n                .build();\\n        streamManager.createStream(scope, streamName, streamConfig);\\n        System.out.println(\\"Create Stream success\\");\\n        EventStreamClientFactory clientFactory = EventStreamClientFactory.withScope(scope, ClientConfig.builder().controllerURI(controllerURI).build());\\n        this.writer = clientFactory.createEventWriter(streamName, new JavaSerializer<String>(), EventWriterConfig.builder().build());\\n    }\\n\\n    public void writeMsg(String routingKey, String message) throws Exception {\\n        System.out.println(\\"Start Write ...\\");\\n        this.writer.writeEvent(routingKey, message);\\n        System.out.println(\\"Write done\\");\\n    }\\n}\\n"}],"textDocument":{"uri":"file:///home/zyh/tmpWorkZone/RTSP/myflinkRTSP/src/main/java/myflink/PravegaWriter.java","version":5}}}'
2020-07-20 02:16:29,045 - DEBUG - RX: Received message: b'{"jsonrpc":"2.0","method":"textDocument/publishDiagnostics","params":{"uri":"file:///home/zyh/tmpWorkZone/RTSP/myflinkRTSP/pom.xml","diagnostics":[]}}'
2020-07-20 02:16:29,053 - DEBUG - RX: Received message: b'{"jsonrpc":"2.0","method":"window/logMessage","params":{"type":3,"message":"Jul 20, 2020, 2:16:29 AM \\u003e\\u003e document/didChange"}}'
2020-07-20 02:16:29,087 - INFO - Server reported: Jul 20, 2020, 2:16:29 AM >> document/didChange
2020-07-20 02:16:32,642 - INFO - Received debug info request
2020-07-20 02:16:38,635 - DEBUG - in-event <InotifyEvent: src_path=b'/home/zyh/tmpWorkZone/RTSP/myflinkRTSP/src/main/java/myflink/.PravegaWriter.java.swp', wd=8, mask=IN_MODIFY, cookie=0, name=.PravegaWriter.java.swp>
2020-07-20 02:16:38,635 - DEBUG - TX: Sending notification: b'Content-Length: 194\r\n\r\n{"jsonrpc":"2.0","method":"workspace/didChangeWatchedFiles","params":{"changes":[{"type":2,"uri":"file:///home/zyh/tmpWorkZone/RTSP/myflinkRTSP/src/main/java/myflink/.PravegaWriter.java.swp"}]}}'
2020-07-20 02:16:38,637 - DEBUG - RX: Received message: b'{"jsonrpc":"2.0","method":"window/logMessage","params":{"type":3,"message":"Jul 20, 2020, 2:16:38 AM \\u003e\\u003e workspace/didChangeWatchedFiles "}}'
2020-07-20 02:16:38,637 - INFO - Server reported: Jul 20, 2020, 2:16:38 AM >> workspace/didChangeWatchedFiles 
2020-07-20 02:16:38,639 - DEBUG - in-event <InotifyEvent: src_path=b'/home/zyh/tmpWorkZone/RTSP/myflinkRTSP/src/main/java/myflink/.PravegaWriter.java.swp', wd=8, mask=IN_MODIFY, cookie=0, name=.PravegaWriter.java.swp>
2020-07-20 02:16:38,639 - DEBUG - TX: Sending notification: b'Content-Length: 194\r\n\r\n{"jsonrpc":"2.0","method":"workspace/didChangeWatchedFiles","params":{"changes":[{"type":2,"uri":"file:///home/zyh/tmpWorkZone/RTSP/myflinkRTSP/src/main/java/myflink/.PravegaWriter.java.swp"}]}}'
2020-07-20 02:16:38,648 - DEBUG - RX: Received message: b'{"jsonrpc":"2.0","method":"textDocument/publishDiagnostics","params":{"uri":"file:///home/zyh/tmpWorkZone/RTSP/myflinkRTSP","diagnostics":[]}}'
2020-07-20 02:16:38,648 - ERROR - Error reading file /home/zyh/tmpWorkZone/RTSP/myflinkRTSP
Traceback (most recent call last):
  File "/home/zyh/.vim/bundle/YouCompleteMe/third_party/ycmd/ycmd/completers/completer_utils.py", line 234, in GetFileContents
    return ToUnicode( ReadFile( filename ) )
  File "/home/zyh/.vim/bundle/YouCompleteMe/third_party/ycmd/ycmd/utils.py", line 85, in ReadFile
    with open( filepath, encoding = 'utf8' ) as f:
IsADirectoryError: [Errno 21] Is a directory: '/home/zyh/tmpWorkZone/RTSP/myflinkRTSP'
2020-07-20 02:16:38,652 - DEBUG - RX: Received message: b'{"jsonrpc":"2.0","method":"textDocument/publishDiagnostics","params":{"uri":"file:///home/zyh/tmpWorkZone/RTSP/myflinkRTSP/pom.xml","diagnostics":[]}}'
2020-07-20 02:16:38,654 - DEBUG - RX: Received message: b'{"jsonrpc":"2.0","method":"window/logMessage","params":{"type":3,"message":"Jul 20, 2020, 2:16:38 AM \\u003e\\u003e workspace/didChangeWatchedFiles "}}'
2020-07-20 02:16:38,673 - INFO - Server reported: Jul 20, 2020, 2:16:38 AM >> workspace/didChangeWatchedFiles 
2020-07-20 02:16:39,525 - INFO - Received event notification
2020-07-20 02:16:39,525 - DEBUG - Event name: FileReadyToParse
2020-07-20 02:16:39,525 - INFO - Adding buffer identifiers for file: /home/zyh/tmpWorkZone/RTSP/myflinkRTSP/src/main/java/myflink/PravegaWriter.java
2020-07-20 02:16:39,526 - DEBUG - Refreshing file /home/zyh/tmpWorkZone/RTSP/myflinkRTSP/src/main/java/myflink/PravegaWriter.java: State is Open/action None
